2021-01-22 20:39:48.273 [main] INFO  eu.mihosoft.freerouting.FreeRouting - Freerouting application is started.
2021-01-22 20:39:48.578 [main] TRACE eu.mihosoft.freerouting.FreeRouting - Method 'MainApplication.main()' was performed in 0.49 seconds.
2021-01-22 20:40:04.449 [main] INFO  eu.mihosoft.freerouting.FreeRouting - Freerouting application is started.
2021-01-22 20:40:04.461 [main] INFO  eu.mihosoft.freerouting.FreeRouting - Opening 'halfboard.dsn'...
2021-01-22 20:40:06.351 [main] INFO  eu.mihosoft.freerouting.FreeRouting - Opening 'halfboard.rules'...
2021-01-22 20:40:06.354 [main] ERROR eu.mihosoft.freerouting.FreeRouting - File 'halfboard.rules' was not found.
2021-01-22 20:40:06.455 [main] TRACE eu.mihosoft.freerouting.FreeRouting - Method 'MainApplication.main()' was performed in 2.19 seconds.
2021-01-22 20:40:11.592 [AWT-EventQueue-0] INFO  eu.mihosoft.freerouting.FreeRouting - Generating snapshot
2021-01-22 20:40:28.827 [Thread-0] TRACE eu.mihosoft.freerouting.FreeRouting - Method 'BatchAutorouter.autoroute_pass #1 on board '73b53c3162325b9eac6035d9bf8ab2e4' making 203 changes' was performed in 17.00 seconds.
2021-01-22 20:40:42.916 [Thread-0] TRACE eu.mihosoft.freerouting.FreeRouting - Method 'BatchAutorouter.autoroute_pass #2 on board '40ba187484b6897538336b11306c53c0' making 10 changes' was performed in 14.06 seconds.
2021-01-22 20:40:56.717 [Thread-0] TRACE eu.mihosoft.freerouting.FreeRouting - Method 'BatchAutorouter.autoroute_pass #3 on board '0a233ea1e1af6f7a5d20a8888c4abaa4' making 0 changes' was performed in 13.79 seconds.
2021-01-22 20:40:56.720 [Thread-0] WARN  eu.mihosoft.freerouting.FreeRouting - This board was already evaluated, so we stop autorouter to avoid the endless loop.
2021-01-22 20:40:56.740 [Thread-0] TRACE eu.mihosoft.freerouting.FreeRouting - Method 'BatchAutorouterThread.thread_action()' was performed in 45.14 seconds.
2021-01-22 20:48:05.638 [main] INFO  eu.mihosoft.freerouting.FreeRouting - Freerouting application is started.
2021-01-22 20:48:05.649 [main] INFO  eu.mihosoft.freerouting.FreeRouting - Opening 'halfboard.dsn'...
2021-01-22 20:48:07.492 [main] INFO  eu.mihosoft.freerouting.FreeRouting - Opening 'halfboard.rules'...
2021-01-22 20:48:07.493 [main] ERROR eu.mihosoft.freerouting.FreeRouting - File 'halfboard.rules' was not found.
2021-01-22 20:48:07.589 [main] TRACE eu.mihosoft.freerouting.FreeRouting - Method 'MainApplication.main()' was performed in 2.14 seconds.
2021-01-22 20:48:14.051 [AWT-EventQueue-0] INFO  eu.mihosoft.freerouting.FreeRouting - Generating snapshot
2021-01-22 20:48:31.977 [Thread-0] TRACE eu.mihosoft.freerouting.FreeRouting - Method 'BatchAutorouter.autoroute_pass #1 on board 'a9feb03345e794f97aa37a17cb6dd237' making 200 changes' was performed in 17.69 seconds.
2021-01-22 20:48:47.519 [Thread-0] TRACE eu.mihosoft.freerouting.FreeRouting - Method 'BatchAutorouter.autoroute_pass #2 on board '8c4a8bc5d613259bf68870d7473beab6' making 20 changes' was performed in 15.51 seconds.
2021-01-22 20:49:01.933 [Thread-0] TRACE eu.mihosoft.freerouting.FreeRouting - Method 'BatchAutorouter.autoroute_pass #3 on board '5462b79e173e58bbf113958359282a24' making 0 changes' was performed in 14.40 seconds.
2021-01-22 20:49:01.936 [Thread-0] WARN  eu.mihosoft.freerouting.FreeRouting - This board was already evaluated, so we stop autorouter to avoid the endless loop.
2021-01-22 20:49:01.950 [Thread-0] TRACE eu.mihosoft.freerouting.FreeRouting - Method 'BatchAutorouterThread.thread_action()' was performed in 47.88 seconds.
2021-01-22 20:49:59.203 [AWT-EventQueue-0] INFO  eu.mihosoft.freerouting.FreeRouting - Generating snapshot
2021-01-22 20:50:16.929 [Thread-1] TRACE eu.mihosoft.freerouting.FreeRouting - Method 'BatchAutorouter.autoroute_pass #1 on board '2240d73a562773407495290b7cfba306' making 0 changes' was performed in 17.67 seconds.
2021-01-22 20:50:16.932 [Thread-1] WARN  eu.mihosoft.freerouting.FreeRouting - This board was already evaluated, so we stop autorouter to avoid the endless loop.
2021-01-22 20:50:16.950 [Thread-1] TRACE eu.mihosoft.freerouting.FreeRouting - Method 'BatchAutorouterThread.thread_action()' was performed in 17.75 seconds.
2021-01-22 20:51:30.556 [AWT-EventQueue-0] INFO  eu.mihosoft.freerouting.FreeRouting - Generating snapshot
2021-01-22 20:51:48.655 [Thread-2] TRACE eu.mihosoft.freerouting.FreeRouting - Method 'BatchAutorouter.autoroute_pass #2 on board '65d447d6b53f26cd03430202afdb0c3d' making 0 changes' was performed in 18.06 seconds.
2021-01-22 20:51:48.659 [Thread-2] WARN  eu.mihosoft.freerouting.FreeRouting - This board was already evaluated, so we stop autorouter to avoid the endless loop.
2021-01-22 20:51:48.670 [Thread-2] TRACE eu.mihosoft.freerouting.FreeRouting - Method 'BatchAutorouterThread.thread_action()' was performed in 18.11 seconds.
2021-01-22 20:52:19.406 [AWT-EventQueue-0] INFO  eu.mihosoft.freerouting.FreeRouting - Saving 'gui_defaults.par'...
2021-01-22 20:52:26.959 [main] INFO  eu.mihosoft.freerouting.FreeRouting - Freerouting application is started.
2021-01-22 20:52:26.970 [main] INFO  eu.mihosoft.freerouting.FreeRouting - Opening 'halfboard.dsn'...
2021-01-22 20:52:28.826 [main] INFO  eu.mihosoft.freerouting.FreeRouting - Opening 'halfboard.rules'...
2021-01-22 20:52:28.827 [main] ERROR eu.mihosoft.freerouting.FreeRouting - File 'halfboard.rules' was not found.
2021-01-22 20:52:28.937 [main] TRACE eu.mihosoft.freerouting.FreeRouting - Method 'MainApplication.main()' was performed in 2.17 seconds.
2021-01-22 20:53:06.618 [AWT-EventQueue-0] INFO  eu.mihosoft.freerouting.FreeRouting - Generating snapshot
2021-01-22 20:53:23.625 [Thread-0] TRACE eu.mihosoft.freerouting.FreeRouting - Method 'BatchAutorouter.autoroute_pass #1 on board '21c5abcaa09eb6e8c72bb126ba9380bf' making 203 changes' was performed in 16.45 seconds.
2021-01-22 20:53:38.220 [Thread-0] TRACE eu.mihosoft.freerouting.FreeRouting - Method 'BatchAutorouter.autoroute_pass #2 on board 'b86a02024e2e29df78192791ef2820a6' making 27 changes' was performed in 14.57 seconds.
2021-01-22 20:53:52.364 [Thread-0] TRACE eu.mihosoft.freerouting.FreeRouting - Method 'BatchAutorouter.autoroute_pass #3 on board '24069814f116d24bd9de399708e2bd6e' making 0 changes' was performed in 14.12 seconds.
2021-01-22 20:53:52.368 [Thread-0] WARN  eu.mihosoft.freerouting.FreeRouting - This board was already evaluated, so we stop autorouter to avoid the endless loop.
2021-01-22 20:53:52.385 [Thread-0] TRACE eu.mihosoft.freerouting.FreeRouting - Method 'BatchAutorouterThread.thread_action()' was performed in 45.76 seconds.
2021-01-22 20:54:56.543 [main] INFO  eu.mihosoft.freerouting.FreeRouting - Freerouting application is started.
2021-01-22 20:54:56.554 [main] INFO  eu.mihosoft.freerouting.FreeRouting - Opening 'halfboard.dsn'...
2021-01-22 20:54:58.466 [main] INFO  eu.mihosoft.freerouting.FreeRouting - Opening 'halfboard.rules'...
2021-01-22 20:54:58.467 [main] ERROR eu.mihosoft.freerouting.FreeRouting - File 'halfboard.rules' was not found.
2021-01-22 20:54:58.561 [main] TRACE eu.mihosoft.freerouting.FreeRouting - Method 'MainApplication.main()' was performed in 2.22 seconds.
2021-01-22 20:55:14.798 [AWT-EventQueue-0] INFO  eu.mihosoft.freerouting.FreeRouting - Generating snapshot
2021-01-22 20:55:31.974 [Thread-0] TRACE eu.mihosoft.freerouting.FreeRouting - Method 'BatchAutorouter.autoroute_pass #1 on board 'a9feb03345e794f97aa37a17cb6dd237' making 200 changes' was performed in 16.94 seconds.
2021-01-22 20:55:46.249 [Thread-0] TRACE eu.mihosoft.freerouting.FreeRouting - Method 'BatchAutorouter.autoroute_pass #2 on board '8c4a8bc5d613259bf68870d7473beab6' making 20 changes' was performed in 14.25 seconds.
2021-01-22 20:56:00.163 [Thread-0] TRACE eu.mihosoft.freerouting.FreeRouting - Method 'BatchAutorouter.autoroute_pass #3 on board '5462b79e173e58bbf113958359282a24' making 0 changes' was performed in 13.90 seconds.
2021-01-22 20:56:00.166 [Thread-0] WARN  eu.mihosoft.freerouting.FreeRouting - This board was already evaluated, so we stop autorouter to avoid the endless loop.
2021-01-22 20:56:00.185 [Thread-0] TRACE eu.mihosoft.freerouting.FreeRouting - Method 'BatchAutorouterThread.thread_action()' was performed in 45.38 seconds.
2021-01-22 20:57:21.484 [main] INFO  eu.mihosoft.freerouting.FreeRouting - Freerouting application is started.
2021-01-22 20:57:21.495 [main] INFO  eu.mihosoft.freerouting.FreeRouting - Opening 'halfboard.dsn'...
2021-01-22 20:57:23.407 [main] INFO  eu.mihosoft.freerouting.FreeRouting - Opening 'halfboard.rules'...
2021-01-22 20:57:23.409 [main] ERROR eu.mihosoft.freerouting.FreeRouting - File 'halfboard.rules' was not found.
2021-01-22 20:57:23.514 [main] TRACE eu.mihosoft.freerouting.FreeRouting - Method 'MainApplication.main()' was performed in 2.22 seconds.
2021-01-22 20:57:25.589 [AWT-EventQueue-0] INFO  eu.mihosoft.freerouting.FreeRouting - Generating snapshot
2021-01-22 20:57:43.292 [Thread-0] TRACE eu.mihosoft.freerouting.FreeRouting - Method 'BatchAutorouter.autoroute_pass #1 on board '404b2f099d55f316507fd5c1beaf2fe8' making 192 changes' was performed in 17.46 seconds.
2021-01-22 20:57:59.585 [Thread-0] TRACE eu.mihosoft.freerouting.FreeRouting - Method 'BatchAutorouter.autoroute_pass #2 on board '419ba6c76e4e6f4aa7a9363b9eacc5e8' making 19 changes' was performed in 16.27 seconds.
2021-01-22 20:58:14.993 [Thread-0] TRACE eu.mihosoft.freerouting.FreeRouting - Method 'BatchAutorouter.autoroute_pass #3 on board '92f20997ca8aa6b751701a3a72cd8a2a' making 0 changes' was performed in 15.39 seconds.
2021-01-22 20:58:14.995 [Thread-0] WARN  eu.mihosoft.freerouting.FreeRouting - This board was already evaluated, so we stop autorouter to avoid the endless loop.
2021-01-22 20:58:15.013 [Thread-0] TRACE eu.mihosoft.freerouting.FreeRouting - Method 'BatchAutorouterThread.thread_action()' was performed in 49.41 seconds.
2021-01-22 20:58:49.031 [AWT-EventQueue-0] INFO  eu.mihosoft.freerouting.FreeRouting - Generating snapshot
2021-01-22 20:58:54.884 [AWT-EventQueue-0] INFO  eu.mihosoft.freerouting.FreeRouting - Generating snapshot
2021-01-22 20:59:02.481 [AWT-EventQueue-0] INFO  eu.mihosoft.freerouting.FreeRouting - Generating snapshot
2021-01-22 21:09:03.915 [main] INFO  eu.mihosoft.freerouting.FreeRouting - Freerouting application is started.
2021-01-22 21:09:03.925 [main] INFO  eu.mihosoft.freerouting.FreeRouting - Opening 'halfboard.dsn'...
2021-01-22 21:09:05.759 [main] INFO  eu.mihosoft.freerouting.FreeRouting - Opening 'halfboard.rules'...
2021-01-22 21:09:05.761 [main] ERROR eu.mihosoft.freerouting.FreeRouting - File 'halfboard.rules' was not found.
2021-01-22 21:09:05.851 [main] TRACE eu.mihosoft.freerouting.FreeRouting - Method 'MainApplication.main()' was performed in 2.14 seconds.
2021-01-22 21:09:07.854 [AWT-EventQueue-0] INFO  eu.mihosoft.freerouting.FreeRouting - Generating snapshot
2021-01-22 21:09:08.421 [Thread-0] WARN  eu.mihosoft.freerouting.FreeRouting - FloatLine: Parameter is null
2021-01-22 21:09:08.427 [Thread-0] WARN  eu.mihosoft.freerouting.FreeRouting - FloatLine: Parameter is null
2021-01-22 21:09:08.431 [Thread-0] WARN  eu.mihosoft.freerouting.FreeRouting - FloatLine: Parameter is null
2021-01-22 21:09:08.436 [Thread-0] WARN  eu.mihosoft.freerouting.FreeRouting - FloatLine: Parameter is null
2021-01-22 21:09:37.861 [Thread-0] TRACE eu.mihosoft.freerouting.FreeRouting - Method 'BatchAutorouter.autoroute_pass #1 on board 'ac7c7dd47feec178cd13f1c7a1fd8e25' making 239 changes' was performed in 29.77 seconds.
2021-01-22 21:10:03.890 [Thread-0] TRACE eu.mihosoft.freerouting.FreeRouting - Method 'BatchAutorouter.autoroute_pass #2 on board '32ca058921cf7a9c6f981f7a3cecc2a6' making 8 changes' was performed in 26.00 seconds.
2021-01-22 21:10:30.824 [Thread-0] TRACE eu.mihosoft.freerouting.FreeRouting - Method 'BatchAutorouter.autoroute_pass #3 on board '70654f7c44f033217a6f194a59c990ba' making 7 changes' was performed in 26.92 seconds.
2021-01-22 21:10:57.548 [Thread-0] TRACE eu.mihosoft.freerouting.FreeRouting - Method 'BatchAutorouter.autoroute_pass #4 on board '8fd0b3561ca61c81eef17cf92866fb6b' making 0 changes' was performed in 26.71 seconds.
2021-01-22 21:10:57.552 [Thread-0] WARN  eu.mihosoft.freerouting.FreeRouting - This board was already evaluated, so we stop autorouter to avoid the endless loop.
2021-01-22 21:10:57.571 [Thread-0] TRACE eu.mihosoft.freerouting.FreeRouting - Method 'BatchAutorouterThread.thread_action()' was performed in 109.70 seconds.
2021-01-22 21:11:35.894 [main] INFO  eu.mihosoft.freerouting.FreeRouting - Freerouting application is started.
2021-01-22 21:11:35.906 [main] INFO  eu.mihosoft.freerouting.FreeRouting - Opening 'halfboard.dsn'...
2021-01-22 21:11:37.827 [main] INFO  eu.mihosoft.freerouting.FreeRouting - Opening 'halfboard.rules'...
2021-01-22 21:11:37.829 [main] ERROR eu.mihosoft.freerouting.FreeRouting - File 'halfboard.rules' was not found.
2021-01-22 21:11:37.948 [main] TRACE eu.mihosoft.freerouting.FreeRouting - Method 'MainApplication.main()' was performed in 2.24 seconds.
2021-01-22 21:11:40.714 [AWT-EventQueue-0] INFO  eu.mihosoft.freerouting.FreeRouting - Generating snapshot
2021-01-22 21:11:41.257 [Thread-0] WARN  eu.mihosoft.freerouting.FreeRouting - FloatLine: Parameter is null
2021-01-22 21:11:41.263 [Thread-0] WARN  eu.mihosoft.freerouting.FreeRouting - FloatLine: Parameter is null
2021-01-22 21:11:41.268 [Thread-0] WARN  eu.mihosoft.freerouting.FreeRouting - FloatLine: Parameter is null
2021-01-22 21:11:41.277 [Thread-0] WARN  eu.mihosoft.freerouting.FreeRouting - FloatLine: Parameter is null
2021-01-22 21:12:12.412 [Thread-0] TRACE eu.mihosoft.freerouting.FreeRouting - Method 'BatchAutorouter.autoroute_pass #1 on board '186900bec5eace21a29ca0771f45276b' making 247 changes' was performed in 31.47 seconds.
2021-01-22 21:12:41.969 [Thread-0] TRACE eu.mihosoft.freerouting.FreeRouting - Method 'BatchAutorouter.autoroute_pass #2 on board '8aeaa2cc3d61d5cd028498c583caf72d' making 10 changes' was performed in 29.53 seconds.
2021-01-22 21:13:09.920 [Thread-0] TRACE eu.mihosoft.freerouting.FreeRouting - Method 'BatchAutorouter.autoroute_pass #3 on board '55867fbc75c47c199a7d588aaa1bad7f' making 0 changes' was performed in 27.93 seconds.
2021-01-22 21:13:09.923 [Thread-0] WARN  eu.mihosoft.freerouting.FreeRouting - This board was already evaluated, so we stop autorouter to avoid the endless loop.
2021-01-22 21:13:09.942 [Thread-0] TRACE eu.mihosoft.freerouting.FreeRouting - Method 'BatchAutorouterThread.thread_action()' was performed in 89.22 seconds.
2021-01-22 21:13:17.390 [AWT-EventQueue-0] INFO  eu.mihosoft.freerouting.FreeRouting - Saving 'halfboard.bin'...
2021-01-22 21:13:23.393 [main] INFO  eu.mihosoft.freerouting.FreeRouting - Freerouting application is started.
2021-01-22 21:13:23.404 [main] INFO  eu.mihosoft.freerouting.FreeRouting - Opening 'halfboard.dsn'...
2021-01-22 21:13:25.265 [main] INFO  eu.mihosoft.freerouting.FreeRouting - Opening 'halfboard.rules'...
2021-01-22 21:13:25.268 [main] ERROR eu.mihosoft.freerouting.FreeRouting - File 'halfboard.rules' was not found.
2021-01-22 21:13:25.363 [main] TRACE eu.mihosoft.freerouting.FreeRouting - Method 'MainApplication.main()' was performed in 2.15 seconds.
2021-01-22 21:13:41.431 [AWT-EventQueue-0] INFO  eu.mihosoft.freerouting.FreeRouting - Generating snapshot
2021-01-22 21:13:41.969 [Thread-0] WARN  eu.mihosoft.freerouting.FreeRouting - FloatLine: Parameter is null
2021-01-22 21:13:41.974 [Thread-0] WARN  eu.mihosoft.freerouting.FreeRouting - FloatLine: Parameter is null
2021-01-22 21:13:41.979 [Thread-0] WARN  eu.mihosoft.freerouting.FreeRouting - FloatLine: Parameter is null
2021-01-22 21:13:41.984 [Thread-0] WARN  eu.mihosoft.freerouting.FreeRouting - FloatLine: Parameter is null
2021-01-22 21:13:55.085 [AWT-EventQueue-0] INFO  eu.mihosoft.freerouting.FreeRouting - Saving 'halfboard.ses'...
2021-01-22 21:14:12.682 [Thread-0] TRACE eu.mihosoft.freerouting.FreeRouting - Method 'BatchAutorouter.autoroute_pass #1 on board '186900bec5eace21a29ca0771f45276b' making 247 changes' was performed in 31.03 seconds.
2021-01-22 21:14:18.953 [Thread-0] TRACE eu.mihosoft.freerouting.FreeRouting - Method 'BatchAutorouter.autoroute_pass #2 on board '8aeaa2cc3d61d5cd028498c583caf72d' making 10 changes' was performed in 6.24 seconds.
2021-01-22 21:14:18.967 [Thread-0] TRACE eu.mihosoft.freerouting.FreeRouting - Method 'BatchAutorouterThread.thread_action()' was performed in 37.52 seconds.
2021-01-22 21:14:23.325 [AWT-EventQueue-0] INFO  eu.mihosoft.freerouting.FreeRouting - Saving 'halfboard.ses'...
2021-01-22 21:14:28.531 [AWT-EventQueue-0] INFO  eu.mihosoft.freerouting.FreeRouting - Saving 'halfboard.rules'...
2021-01-22 21:14:32.434 [AWT-EventQueue-0] INFO  eu.mihosoft.freerouting.FreeRouting - Saving 'halfboard.bin'...
2021-01-23 16:25:55.075 [main] INFO  eu.mihosoft.freerouting.FreeRouting - Freerouting application is started.
2021-01-23 16:25:55.085 [main] INFO  eu.mihosoft.freerouting.FreeRouting - Opening 'halfboard.dsn'...
2021-01-23 16:25:57.136 [main] INFO  eu.mihosoft.freerouting.FreeRouting - Opening 'halfboard.rules'...
2021-01-23 16:26:03.844 [main] TRACE eu.mihosoft.freerouting.FreeRouting - Method 'MainApplication.main()' was performed in 8.96 seconds.
2021-01-23 16:26:14.232 [AWT-EventQueue-0] INFO  eu.mihosoft.freerouting.FreeRouting - Generating snapshot
2021-01-23 16:26:19.984 [Thread-0] TRACE eu.mihosoft.freerouting.FreeRouting - Method 'BatchAutorouter.autoroute_pass #1 on board '649c15b1af5f56d5bea1c6f2ee71970f' making 434 changes' was performed in 5.51 seconds.
2021-01-23 16:26:22.304 [Thread-0] TRACE eu.mihosoft.freerouting.FreeRouting - Method 'BatchAutorouter.autoroute_pass #2 on board 'f156b2cb5b519002cc228bb7ad12c9c0' making 49 changes' was performed in 2.27 seconds.
2021-01-23 16:26:23.666 [Thread-0] TRACE eu.mihosoft.freerouting.FreeRouting - Method 'BatchAutorouter.autoroute_pass #3 on board '5877f9fc019de219c9eb96f2ae9c2324' making 4 changes' was performed in 1.33 seconds.
2021-01-23 16:26:24.715 [Thread-0] TRACE eu.mihosoft.freerouting.FreeRouting - Method 'BatchAutorouter.autoroute_pass #4 on board 'f60d07d157fc0f827cd65c83fe2633d1' making 0 changes' was performed in 1.03 seconds.
2021-01-23 16:26:24.719 [Thread-0] WARN  eu.mihosoft.freerouting.FreeRouting - This board was already evaluated, so we stop autorouter to avoid the endless loop.
2021-01-23 16:26:24.741 [Thread-0] TRACE eu.mihosoft.freerouting.FreeRouting - Method 'BatchAutorouterThread.thread_action()' was performed in 10.49 seconds.
2021-01-23 16:26:49.245 [AWT-EventQueue-0] INFO  eu.mihosoft.freerouting.FreeRouting - Saving 'halfboard.ses'...
2021-01-23 16:26:54.595 [AWT-EventQueue-0] INFO  eu.mihosoft.freerouting.FreeRouting - Saving 'halfboard.rules'...
